<?xml version="1.0" encoding="UTF-8"?>
<!-- Generated by org.testng.reporters.JUnitReportReporter -->
<testsuite skipped="0" hostname="DESKTOP-NGFOF13" name="testNG_extents_report.Extentest" tests="2" failures="0" timestamp="2020-11-21T19:17:17 IST" time="0.030" errors="0">
  <testcase name="logintest" time="0.015" classname="testNG_extents_report.Extentest"/>
  <system-out/>
  <testcase name="logouttest" time="0.015" classname="testNG_extents_report.Extentest"/>
  <system-out/>
</testsuite> <!-- testNG_extents_report.Extentest -->
